<?xml version="1.0" encoding="UTF-8"?>
<!-- Generated by org.testng.reporters.JUnitReportReporter -->
<testsuite hostname="DESKTOP-5874SPL" failures="0" tests="3" name="com.obsquara.testscripts.ManageLocationTest" time="51.952" errors="0" timestamp="2023-04-27T00:27:19 IST" skipped="0">
  <testcase classname="com.obsquara.testscripts.ManageLocationTest" name="verifytheAddingNewLocation" time="16.704"/>
  <system-out/>
  <testcase classname="com.obsquara.testscripts.ManageLocationTest" name="verifytheSearchManageLocation" time="19.952"/>
  <system-out/>
  <testcase classname="com.obsquara.testscripts.ManageLocationTest" name="verifytheDeleteButtoninManageLocation" time="15.296"/>
  <system-out/>
</testsuite> <!-- com.obsquara.testscripts.ManageLocationTest -->
