<?xml version="1.0" encoding="UTF-8"?>
<!-- Generated by org.testng.reporters.JUnitReportReporter -->
<testsuite hostname="DESKTOP-5874SPL" failures="0" tests="4" name="com.obsquara.testscripts.ManageSliderTest" time="13.938" errors="0" timestamp="2023-04-27T11:45:41 IST" skipped="0">
  <testcase classname="com.obsquara.testscripts.ManageSliderTest" name="verifyAddingNewLinkinSlider" time="3.685"/>
  <system-out/>
  <testcase classname="com.obsquara.testscripts.ManageSliderTest" name="verifyEditLinkinSlider" time="3.950"/>
  <system-out/>
  <testcase classname="com.obsquara.testscripts.ManageSliderTest" name="verifyDeleteLinkinSlider" time="3.459"/>
  <system-out/>
  <testcase classname="com.obsquara.testscripts.ManageSliderTest" name="verifyImageUploaderinLinkinSlider" time="2.844"/>
  <system-out/>
</testsuite> <!-- com.obsquara.testscripts.ManageSliderTest -->
