<?xml version="1.0" encoding="UTF-8"?>
<!-- Generated by org.testng.reporters.JUnitReportReporter -->
<testsuite hostname="DESKTOP-5874SPL" failures="0" tests="5" name="com.obsquara.testscripts.ManageDeliveryBoyTest" time="72.639" errors="0" timestamp="2023-04-25T20:49:03 IST" skipped="0">
  <testcase classname="com.obsquara.testscripts.ManageDeliveryBoyTest" name="verifyToAddNewDeliveryBoy" time="10.192"/>
  <system-out/>
  <testcase classname="com.obsquara.testscripts.ManageDeliveryBoyTest" name="verifySearchDeliveryBoy" time="7.993"/>
  <system-out/>
  <testcase classname="com.obsquara.testscripts.ManageDeliveryBoyTest" name="verifyDeleteDeliveryBoy" time="12.838"/>
  <system-out/>
  <testcase classname="com.obsquara.testscripts.ManageDeliveryBoyTest" name="verifyEditDeliveryBoy" time="36.742"/>
  <system-out/>
  <testcase classname="com.obsquara.testscripts.ManageDeliveryBoyTest" name="verifyResetButton" time="4.874"/>
  <system-out/>
</testsuite> <!-- com.obsquara.testscripts.ManageDeliveryBoyTest -->
