<?xml version="1.0" encoding="UTF-8"?>
<!-- Generated by org.testng.reporters.JUnitReportReporter -->
<testsuite hostname="DESKTOP-5874SPL" failures="0" tests="1" name="com.obsquara.QALegendDemo.Base" time="2.473" errors="0" timestamp="2023-04-03T14:43:37 IST" skipped="0">
  <testcase classname="com.obsquara.QALegendDemo.Base" name="demo" time="2.473"/>
  <system-out/>
</testsuite> <!-- com.obsquara.QALegendDemo.Base -->
