<?xml version="1.0" encoding="UTF-8"?>
<!-- Generated by org.testng.reporters.JUnitReportReporter -->
<testsuite hostname="DESKTOP-5874SPL" failures="0" tests="1" name="com.obsquara.testscripts.HomePageTest" time="4.543" errors="0" timestamp="2023-04-18T00:56:25 IST" skipped="0">
  <testcase classname="com.obsquara.testscripts.HomePageTest" name="verifyPushUpMenuButton" time="4.543"/>
  <system-out/>
</testsuite> <!-- com.obsquara.testscripts.HomePageTest -->
