<?xml version="1.0" encoding="UTF-8"?>
<!-- Generated by org.testng.reporters.JUnitReportReporter -->
<testsuite hostname="DESKTOP-5874SPL" failures="0" tests="1" name="com.obsquara.testscripts.Base" time="2.979" errors="0" timestamp="2023-04-12T08:06:52 IST" skipped="0">
  <testcase classname="com.obsquara.testscripts.Base" name="sample" time="2.979"/>
  <system-out/>
</testsuite> <!-- com.obsquara.testscripts.Base -->
