<?xml version="1.0" encoding="UTF-8"?>
<!-- Generated by org.testng.reporters.JUnitReportReporter -->
<testsuite hostname="DESKTOP-5874SPL" failures="0" tests="2" name="com.obsquara.testscripts.HomePageTest" time="9.845" errors="0" timestamp="2023-04-17T07:41:57 IST" skipped="0">
  <testcase classname="com.obsquara.testscripts.HomePageTest" name="verifyPushUpMenuButton" time="2.176"/>
  <system-out/>
  <testcase classname="com.obsquara.testscripts.HomePageTest" name="verifySelectFromDashBoard" time="7.669"/>
  <system-out/>
</testsuite> <!-- com.obsquara.testscripts.HomePageTest -->
