<?xml version="1.0" encoding="UTF-8"?>
<!-- Generated by org.testng.reporters.JUnitReportReporter -->
<testsuite hostname="DESKTOP-5874SPL" failures="0" tests="3" name="com.obsquara.testscripts.ManageLocationTest" time="49.996" errors="0" timestamp="2023-04-27T11:45:41 IST" skipped="0">
  <testcase classname="com.obsquara.testscripts.ManageLocationTest" name="verifytheAddingNewLocation" time="15.049"/>
  <system-out/>
  <testcase classname="com.obsquara.testscripts.ManageLocationTest" name="verifytheSearchManageLocation" time="19.872"/>
  <system-out/>
  <testcase classname="com.obsquara.testscripts.ManageLocationTest" name="verifytheDeleteButtoninManageLocation" time="15.075"/>
  <system-out/>
</testsuite> <!-- com.obsquara.testscripts.ManageLocationTest -->
