<?xml version="1.0" encoding="UTF-8"?>
<!-- Generated by org.testng.reporters.JUnitReportReporter -->
<testsuite hostname="DESKTOP-5874SPL" failures="0" tests="2" name="com.obsquara.testscripts.ManageUserTest" time="5.695" errors="0" timestamp="2023-04-26T20:07:22 IST" skipped="0">
  <testcase classname="com.obsquara.testscripts.ManageUserTest" name="verifySearchButtonColorinManageUser" time="2.678"/>
  <system-out/>
  <testcase classname="com.obsquara.testscripts.ManageUserTest" name="verifySearchUserandPasswordShownInDetail" time="3.017"/>
  <system-out/>
</testsuite> <!-- com.obsquara.testscripts.ManageUserTest -->
