<?xml version="1.0" encoding="UTF-8"?>
<!-- Generated by org.testng.reporters.JUnitReportReporter -->
<testsuite hostname="DESKTOP-5874SPL" failures="0" tests="1" name="com.obsquara.testscripts.AdminUserTest" time="3.527" errors="0" timestamp="2023-04-23T23:02:16 IST" skipped="0">
  <testcase classname="com.obsquara.testscripts.AdminUserTest" name="verifyNewAdminUser" time="3.527"/>
  <system-out/>
</testsuite> <!-- com.obsquara.testscripts.AdminUserTest -->
