<?xml version="1.0" encoding="UTF-8"?>
<!-- Generated by org.testng.reporters.JUnitReportReporter -->
<testsuite hostname="DESKTOP-5874SPL" failures="0" tests="2" name="com.obsquara.testscripts.PushNotificationTest" time="8.364" errors="0" timestamp="2023-04-25T20:49:03 IST" skipped="0">
  <testcase classname="com.obsquara.testscripts.PushNotificationTest" name="verifyPushNotificationPage" time="4.063"/>
  <system-out/>
  <testcase classname="com.obsquara.testscripts.PushNotificationTest" name="verifyTitleDescriptionField" time="4.301"/>
  <system-out/>
</testsuite> <!-- com.obsquara.testscripts.PushNotificationTest -->
