<?xml version="1.0" encoding="UTF-8"?>
<!-- Generated by org.testng.reporters.JUnitReportReporter -->
<testsuite hostname="DESKTOP-5874SPL" failures="0" tests="2" name="com.obsquara.testscripts.ManageUserTest" time="6.612" errors="0" timestamp="2023-04-27T11:45:41 IST" skipped="0">
  <testcase classname="com.obsquara.testscripts.ManageUserTest" name="verifySearchUserandPasswordShownInDetail" time="3.550"/>
  <system-out/>
  <testcase classname="com.obsquara.testscripts.ManageUserTest" name="verifySearchButtonColorinManageUser" time="3.062"/>
  <system-out/>
</testsuite> <!-- com.obsquara.testscripts.ManageUserTest -->
