<?xml version="1.0" encoding="UTF-8"?>
<!-- Generated by org.testng.reporters.JUnitReportReporter -->
<testsuite hostname="DESKTOP-5874SPL" failures="0" tests="1" name="com.obsquara.testscripts.SettingTest" time="3.868" errors="0" timestamp="2023-04-24T20:32:40 IST" skipped="0">
  <testcase classname="com.obsquara.testscripts.SettingTest" name="verifyToChangePassword" time="3.868"/>
  <system-out/>
</testsuite> <!-- com.obsquara.testscripts.SettingTest -->
