<?xml version="1.0" encoding="UTF-8"?>
<!-- Generated by org.testng.reporters.JUnitReportReporter -->
<testsuite hostname="DESKTOP-5874SPL" failures="0" tests="3" name="com.obsquara.testscripts.AdminUserTest" time="48.923" errors="0" timestamp="2023-04-26T20:07:22 IST" skipped="0">
  <testcase classname="com.obsquara.testscripts.AdminUserTest" name="verifySearchAdminUser" time="19.742"/>
  <system-out/>
  <testcase classname="com.obsquara.testscripts.AdminUserTest" name="verifyNewAdminUser" time="19.427"/>
  <system-out/>
  <testcase classname="com.obsquara.testscripts.AdminUserTest" name="verifyDeleteAdminUser" time="9.754"/>
  <system-out/>
</testsuite> <!-- com.obsquara.testscripts.AdminUserTest -->
