<?xml version="1.0" encoding="UTF-8"?>
<!-- Generated by org.testng.reporters.JUnitReportReporter -->
<testsuite hostname="DESKTOP-5874SPL" failures="0" tests="2" name="com.obsquara.testscripts.PushNotificationTest" time="6.776" errors="0" timestamp="2023-04-26T20:07:22 IST" skipped="0">
  <testcase classname="com.obsquara.testscripts.PushNotificationTest" name="verifyPushNotificationPage" time="2.834"/>
  <system-out/>
  <testcase classname="com.obsquara.testscripts.PushNotificationTest" name="verifyTitleDescriptionField" time="3.942"/>
  <system-out/>
</testsuite> <!-- com.obsquara.testscripts.PushNotificationTest -->
