<?xml version="1.0" encoding="UTF-8"?>
<!-- Generated by org.testng.reporters.JUnitReportReporter -->
<testsuite hostname="DESKTOP-5874SPL" failures="0" tests="3" name="com.obsquara.testscripts.ManageSliderTest" time="10.426" errors="0" timestamp="2023-04-24T20:32:40 IST" skipped="0">
  <testcase classname="com.obsquara.testscripts.ManageSliderTest" name="verifyAddingNewLinkinSlider" time="3.389"/>
  <system-out/>
  <testcase classname="com.obsquara.testscripts.ManageSliderTest" name="verifyDeleteLinkinSlider" time="3.576"/>
  <system-out/>
  <testcase classname="com.obsquara.testscripts.ManageSliderTest" name="verifyEditLinkinSlider" time="3.461"/>
  <system-out/>
</testsuite> <!-- com.obsquara.testscripts.ManageSliderTest -->
