<?xml version="1.0" encoding="UTF-8"?>
<!-- Generated by org.testng.reporters.JUnitReportReporter -->
<testsuite hostname="DESKTOP-5874SPL" failures="0" tests="2" name="com.obsquara.testscripts.SettingTest" time="14.262" errors="0" timestamp="2023-04-26T00:00:20 IST" skipped="0">
  <testcase classname="com.obsquara.testscripts.SettingTest" name="verifyToChangePassword" time="4.265"/>
  <system-out/>
  <testcase classname="com.obsquara.testscripts.SettingTest" name="verifyMenuManagement" time="9.997"/>
  <system-out/>
</testsuite> <!-- com.obsquara.testscripts.SettingTest -->
