<?xml version="1.0" encoding="UTF-8"?>
<!-- Generated by org.testng.reporters.JUnitReportReporter -->
<testsuite hostname="DESKTOP-5874SPL" failures="0" tests="5" name="com.obsquara.testscripts.LoginPageDemoTest" time="13.331" errors="0" timestamp="2023-04-25T21:02:02 IST" skipped="0">
  <testcase classname="com.obsquara.testscripts.LoginPageDemoTest" name="verifyLoginPasswordCaseSensitive" time="3.314"/>
  <system-out/>
  <testcase classname="com.obsquara.testscripts.LoginPageDemoTest" name="verifyApplicationLoginSuccess" time="3.041"/>
  <system-out/>
  <testcase classname="com.obsquara.testscripts.LoginPageDemoTest" name="verifytheSignInButton" time="1.919"/>
  <system-out/>
  <testcase classname="com.obsquara.testscripts.LoginPageDemoTest" name="verifyLoginCredentialsCaseSensitive" time="2.397"/>
  <system-out/>
  <testcase classname="com.obsquara.testscripts.LoginPageDemoTest" name="verifyApplicationLoginFailure" time="2.660"/>
  <system-out/>
</testsuite> <!-- com.obsquara.testscripts.LoginPageDemoTest -->
