<?xml version="1.0" encoding="UTF-8"?>
<!-- Generated by org.testng.reporters.JUnitReportReporter -->
<testsuite hostname="DESKTOP-5874SPL" failures="0" tests="4" name="com.obsquara.testscripts.ExpenseCategoryTest" time="23.320" errors="0" timestamp="2023-04-27T15:02:07 IST" skipped="0">
  <testcase classname="com.obsquara.testscripts.ExpenseCategoryTest" name="verifyToAddNewExpenseCategory" time="5.835"/>
  <system-out/>
  <testcase classname="com.obsquara.testscripts.ExpenseCategoryTest" name="verifySearchExpenseCategory" time="6.533"/>
  <system-out/>
  <testcase classname="com.obsquara.testscripts.ExpenseCategoryTest" name="verifyDeleteExpenseCategory" time="4.067"/>
  <system-out/>
  <testcase classname="com.obsquara.testscripts.ExpenseCategoryTest" name="verifyEditExpenseCategory" time="6.885"/>
  <system-out/>
</testsuite> <!-- com.obsquara.testscripts.ExpenseCategoryTest -->
