<?xml version="1.0" encoding="UTF-8"?>
<!-- Generated by org.testng.reporters.JUnitReportReporter -->
<testsuite hostname="DESKTOP-5874SPL" failures="0" tests="5" name="com.obsquara.testscripts.LoginPageDemoTest" time="13.621" errors="0" timestamp="2023-04-27T15:02:07 IST" skipped="0">
  <testcase classname="com.obsquara.testscripts.LoginPageDemoTest" name="verifyLoginPasswordCaseSensitive" time="2.286"/>
  <system-out/>
  <testcase classname="com.obsquara.testscripts.LoginPageDemoTest" name="verifyApplicationLoginSuccess" time="2.863"/>
  <system-out/>
  <testcase classname="com.obsquara.testscripts.LoginPageDemoTest" name="verifyLoginCredentialsCaseSensitive" time="4.089"/>
  <system-out/>
  <testcase classname="com.obsquara.testscripts.LoginPageDemoTest" name="verifytheSignInButton" time="2.068"/>
  <system-out/>
  <testcase classname="com.obsquara.testscripts.LoginPageDemoTest" name="verifyApplicationLoginFailure" time="2.315"/>
  <system-out/>
</testsuite> <!-- com.obsquara.testscripts.LoginPageDemoTest -->
