<?xml version="1.0" encoding="UTF-8"?>
<!-- Generated by org.testng.reporters.JUnitReportReporter -->
<testsuite hostname="DESKTOP-5874SPL" failures="0" tests="1" name="com.obsquara.testscripts.ManageUserTest" time="3.135" errors="0" timestamp="2023-04-25T14:10:18 IST" skipped="0">
  <testcase classname="com.obsquara.testscripts.ManageUserTest" name="verifySearchUserandPasswrdShownInDetail" time="3.135"/>
  <system-out/>
</testsuite> <!-- com.obsquara.testscripts.ManageUserTest -->
