<?xml version="1.0" encoding="UTF-8"?>
<!-- Generated by org.testng.reporters.JUnitReportReporter -->
<testsuite hostname="DESKTOP-5874SPL" failures="0" tests="2" name="com.obsquara.testscripts.PushNotificationTest" time="6.438" errors="0" timestamp="2023-04-26T00:00:20 IST" skipped="0">
  <testcase classname="com.obsquara.testscripts.PushNotificationTest" name="verifyTitleDescriptionField" time="3.618"/>
  <system-out/>
  <testcase classname="com.obsquara.testscripts.PushNotificationTest" name="verifyPushNotificationPage" time="2.820"/>
  <system-out/>
</testsuite> <!-- com.obsquara.testscripts.PushNotificationTest -->
