<?xml version="1.0" encoding="UTF-8"?>
<!-- Generated by org.testng.reporters.JUnitReportReporter -->
<testsuite hostname="DESKTOP-5874SPL" failures="0" tests="2" name="com.obsquara.testscripts.SettingTest" time="10.096" errors="0" timestamp="2023-04-27T00:34:45 IST" skipped="0">
  <testcase classname="com.obsquara.testscripts.SettingTest" name="verifytoaddNewNameMenuManagement" time="6.107"/>
  <system-out/>
  <testcase classname="com.obsquara.testscripts.SettingTest" name="verifyToChangePassword" time="3.989"/>
  <system-out/>
</testsuite> <!-- com.obsquara.testscripts.SettingTest -->
