<?xml version="1.0" encoding="UTF-8"?>
<!-- Generated by org.testng.reporters.JUnitReportReporter -->
<testsuite hostname="DESKTOP-5874SPL" failures="0" tests="4" name="com.obsquara.testscripts.ExpenseCategoryTest" time="14.603" errors="0" timestamp="2023-04-26T00:00:20 IST" skipped="0">
  <testcase classname="com.obsquara.testscripts.ExpenseCategoryTest" name="verifyToAddNewExpenseCategory" time="3.329"/>
  <system-out/>
  <testcase classname="com.obsquara.testscripts.ExpenseCategoryTest" name="verifySearchExpenseCategory" time="3.084"/>
  <system-out/>
  <testcase classname="com.obsquara.testscripts.ExpenseCategoryTest" name="verifyDeleteExpenseCategory" time="3.406"/>
  <system-out/>
  <testcase classname="com.obsquara.testscripts.ExpenseCategoryTest" name="verifyEditExpenseCategory" time="4.784"/>
  <system-out/>
</testsuite> <!-- com.obsquara.testscripts.ExpenseCategoryTest -->
