<?xml version="1.0" encoding="UTF-8"?>
<!-- Generated by org.testng.reporters.JUnitReportReporter -->
<testsuite hostname="DESKTOP-5874SPL" failures="0" tests="5" name="com.obsquara.testscripts.LoginPageDemoTest" time="13.172" errors="0" timestamp="2023-04-27T00:34:45 IST" skipped="0">
  <testcase classname="com.obsquara.testscripts.LoginPageDemoTest" name="verifytheSignInButton" time="1.996"/>
  <system-out/>
  <testcase classname="com.obsquara.testscripts.LoginPageDemoTest" name="verifyApplicationLoginSuccess" time="3.276"/>
  <system-out/>
  <testcase classname="com.obsquara.testscripts.LoginPageDemoTest" name="verifyLoginPasswordCaseSensitive" time="3.231"/>
  <system-out/>
  <testcase classname="com.obsquara.testscripts.LoginPageDemoTest" name="verifyLoginCredentialsCaseSensitive" time="2.447"/>
  <system-out/>
  <testcase classname="com.obsquara.testscripts.LoginPageDemoTest" name="verifyApplicationLoginFailure" time="2.222"/>
  <system-out/>
</testsuite> <!-- com.obsquara.testscripts.LoginPageDemoTest -->
