<?xml version="1.0" encoding="UTF-8"?>
<!-- Generated by org.testng.reporters.JUnitReportReporter -->
<testsuite hostname="DESKTOP-5874SPL" failures="0" tests="2" name="com.obsquara.testscripts.AdminUserTest" time="14.104" errors="0" timestamp="2023-04-25T14:10:18 IST" skipped="0">
  <testcase classname="com.obsquara.testscripts.AdminUserTest" name="verifyDeleteAdminUser" time="9.650"/>
  <system-out/>
  <testcase classname="com.obsquara.testscripts.AdminUserTest" name="verifyNewAdminUser" time="4.454"/>
  <system-out/>
</testsuite> <!-- com.obsquara.testscripts.AdminUserTest -->
