<?xml version="1.0" encoding="UTF-8"?>
<!-- Generated by org.testng.reporters.JUnitReportReporter -->
<testsuite hostname="DESKTOP-5874SPL" failures="0" tests="5" name="com.obsquara.testscripts.LoginPageDemoTest" time="12.230" errors="0" timestamp="2023-04-26T00:00:20 IST" skipped="0">
  <testcase classname="com.obsquara.testscripts.LoginPageDemoTest" name="verifyLoginPasswordCaseSensitive" time="3.103"/>
  <system-out/>
  <testcase classname="com.obsquara.testscripts.LoginPageDemoTest" name="verifyLoginCredentialsCaseSensitive" time="2.334"/>
  <system-out/>
  <testcase classname="com.obsquara.testscripts.LoginPageDemoTest" name="verifytheSignInButton" time="1.775"/>
  <system-out/>
  <testcase classname="com.obsquara.testscripts.LoginPageDemoTest" name="verifyApplicationLoginSuccess" time="2.847"/>
  <system-out/>
  <testcase classname="com.obsquara.testscripts.LoginPageDemoTest" name="verifyApplicationLoginFailure" time="2.171"/>
  <system-out/>
</testsuite> <!-- com.obsquara.testscripts.LoginPageDemoTest -->
