<?xml version="1.0" encoding="UTF-8"?>
<!-- Generated by org.testng.reporters.JUnitReportReporter -->
<testsuite hostname="DESKTOP-5874SPL" failures="0" tests="3" name="com.obsquara.testscripts.LoginPageDemoTest" time="7.266" errors="0" timestamp="2023-04-17T08:01:05 IST" skipped="0">
  <testcase classname="com.obsquara.testscripts.LoginPageDemoTest" name="verifytheSignInButton" time="2.514"/>
  <system-out/>
  <testcase classname="com.obsquara.testscripts.LoginPageDemoTest" name="verifyApplicationLoginSuccess" time="2.631"/>
  <system-out/>
  <testcase classname="com.obsquara.testscripts.LoginPageDemoTest" name="verifyApplicationLoginFailure" time="2.121"/>
  <system-out/>
</testsuite> <!-- com.obsquara.testscripts.LoginPageDemoTest -->
