<?xml version="1.0" encoding="UTF-8"?>
<!-- Generated by org.testng.reporters.JUnitReportReporter -->
<testsuite hostname="DESKTOP-5874SPL" failures="0" tests="3" name="com.obsquara.testscripts.ManageLocationTest" time="50.267" errors="0" timestamp="2023-04-27T00:34:45 IST" skipped="0">
  <testcase classname="com.obsquara.testscripts.ManageLocationTest" name="verifytheAddingNewLocation" time="14.903"/>
  <system-out/>
  <testcase classname="com.obsquara.testscripts.ManageLocationTest" name="verifytheSearchManageLocation" time="20.276"/>
  <system-out/>
  <testcase classname="com.obsquara.testscripts.ManageLocationTest" name="verifytheDeleteButtoninManageLocation" time="15.088"/>
  <system-out/>
</testsuite> <!-- com.obsquara.testscripts.ManageLocationTest -->
