<?xml version="1.0" encoding="UTF-8"?>
<!-- Generated by org.testng.reporters.JUnitReportReporter -->
<testsuite hostname="DESKTOP-5874SPL" failures="0" tests="3" name="com.obsquara.testscripts.HomePageTest" time="8.400" errors="0" timestamp="2023-04-27T00:34:45 IST" skipped="0">
  <testcase classname="com.obsquara.testscripts.HomePageTest" name="verifyPushUpMenuButton" time="2.628"/>
  <system-out/>
  <testcase classname="com.obsquara.testscripts.HomePageTest" name="verifySelectFromDashBoard" time="3.123"/>
  <system-out/>
  <testcase classname="com.obsquara.testscripts.HomePageTest" name="verifySuccessfullyLogout" time="2.649"/>
  <system-out/>
</testsuite> <!-- com.obsquara.testscripts.HomePageTest -->
