<?xml version="1.0" encoding="UTF-8"?>
<!-- Generated by org.testng.reporters.JUnitReportReporter -->
<testsuite hostname="DESKTOP-5874SPL" failures="0" tests="5" name="com.obsquara.testscripts.ManageDeliveryBoyTest" time="55.901" errors="0" timestamp="2023-04-25T21:02:02 IST" skipped="0">
  <testcase classname="com.obsquara.testscripts.ManageDeliveryBoyTest" name="verifyToAddNewDeliveryBoy" time="9.314"/>
  <system-out/>
  <testcase classname="com.obsquara.testscripts.ManageDeliveryBoyTest" name="verifySearchDeliveryBoy" time="3.282"/>
  <system-out/>
  <testcase classname="com.obsquara.testscripts.ManageDeliveryBoyTest" name="verifyDeleteDeliveryBoy" time="9.016"/>
  <system-out/>
  <testcase classname="com.obsquara.testscripts.ManageDeliveryBoyTest" name="verifyEditDeliveryBoy" time="31.147"/>
  <system-out/>
  <testcase classname="com.obsquara.testscripts.ManageDeliveryBoyTest" name="verifyResetButton" time="3.142"/>
  <system-out/>
</testsuite> <!-- com.obsquara.testscripts.ManageDeliveryBoyTest -->
