<?xml version="1.0" encoding="UTF-8"?>
<!-- Generated by org.testng.reporters.JUnitReportReporter -->
<testsuite hostname="DESKTOP-5874SPL" failures="0" tests="3" name="com.obsquara.testscripts.ManageLocationTest" time="52.519" errors="0" timestamp="2023-04-27T01:19:15 IST" skipped="0">
  <testcase classname="com.obsquara.testscripts.ManageLocationTest" name="verifytheDeleteButtoninManageLocation" time="15.360"/>
  <system-out/>
  <testcase classname="com.obsquara.testscripts.ManageLocationTest" name="verifytheSearchManageLocation" time="20.025"/>
  <system-out/>
  <testcase classname="com.obsquara.testscripts.ManageLocationTest" name="verifytheAddingNewLocation" time="17.134"/>
  <system-out/>
</testsuite> <!-- com.obsquara.testscripts.ManageLocationTest -->
