<?xml version="1.0" encoding="UTF-8"?>
<!-- Generated by org.testng.reporters.JUnitReportReporter -->
<testsuite hostname="DESKTOP-5874SPL" failures="0" tests="4" name="com.obsquara.testscripts.ExpenseCategoryTest" time="14.626" errors="0" timestamp="2023-04-25T14:10:18 IST" skipped="0">
  <testcase classname="com.obsquara.testscripts.ExpenseCategoryTest" name="verifyToAddNewExpenseCategory" time="3.344"/>
  <system-out/>
  <testcase classname="com.obsquara.testscripts.ExpenseCategoryTest" name="verifySearchExpenseCategory" time="3.178"/>
  <system-out/>
  <testcase classname="com.obsquara.testscripts.ExpenseCategoryTest" name="verifyDeleteExpenseCategory" time="3.358"/>
  <system-out/>
  <testcase classname="com.obsquara.testscripts.ExpenseCategoryTest" name="verifyEditExpenseCategory" time="4.746"/>
  <system-out/>
</testsuite> <!-- com.obsquara.testscripts.ExpenseCategoryTest -->
