<?xml version="1.0" encoding="UTF-8"?>
<!-- Generated by org.testng.reporters.JUnitReportReporter -->
<testsuite hostname="DESKTOP-5874SPL" failures="0" tests="5" name="com.obsquara.testscripts.ManageDeliveryBoyTest" time="27.447" errors="0" timestamp="2023-04-27T15:02:07 IST" skipped="0">
  <testcase classname="com.obsquara.testscripts.ManageDeliveryBoyTest" name="verifyToAddNewDeliveryBoy" time="5.170"/>
  <system-out/>
  <testcase classname="com.obsquara.testscripts.ManageDeliveryBoyTest" name="verifySearchDeliveryBoy" time="3.185"/>
  <system-out/>
  <testcase classname="com.obsquara.testscripts.ManageDeliveryBoyTest" name="verifyDeleteDeliveryBoy" time="4.962"/>
  <system-out/>
  <testcase classname="com.obsquara.testscripts.ManageDeliveryBoyTest" name="verifyEditDeliveryBoy" time="11.008"/>
  <system-out/>
  <testcase classname="com.obsquara.testscripts.ManageDeliveryBoyTest" name="verifyResetButton" time="3.122"/>
  <system-out/>
</testsuite> <!-- com.obsquara.testscripts.ManageDeliveryBoyTest -->
