<?xml version="1.0" encoding="UTF-8"?>
<!-- Generated by org.testng.reporters.JUnitReportReporter -->
<testsuite hostname="DESKTOP-5874SPL" failures="0" tests="2" name="com.obsquara.testscripts.ManageUserTest" time="5.666" errors="0" timestamp="2023-04-26T00:00:20 IST" skipped="0">
  <testcase classname="com.obsquara.testscripts.ManageUserTest" name="verifySearchButtonColor" time="2.650"/>
  <system-out/>
  <testcase classname="com.obsquara.testscripts.ManageUserTest" name="verifySearchUserandPasswrdShownInDetail" time="3.016"/>
  <system-out/>
</testsuite> <!-- com.obsquara.testscripts.ManageUserTest -->
