<?xml version="1.0" encoding="UTF-8"?>
<!-- Generated by org.testng.reporters.JUnitReportReporter -->
<testsuite hostname="DESKTOP-5874SPL" failures="0" tests="2" name="com.obsquara.testscripts.SettingTest" time="14.223" errors="0" timestamp="2023-04-25T21:02:02 IST" skipped="0">
  <testcase classname="com.obsquara.testscripts.SettingTest" name="verifyToChangePassword" time="4.160"/>
  <system-out/>
  <testcase classname="com.obsquara.testscripts.SettingTest" name="verifyMenuManagement" time="10.063"/>
  <system-out/>
</testsuite> <!-- com.obsquara.testscripts.SettingTest -->
