<?xml version="1.0" encoding="UTF-8"?>
<!-- Generated by org.testng.reporters.JUnitReportReporter -->
<testsuite hostname="DESKTOP-5874SPL" failures="0" tests="2" name="com.obsquara.testscripts.ManageUserTest" time="5.831" errors="0" timestamp="2023-04-25T21:02:02 IST" skipped="0">
  <testcase classname="com.obsquara.testscripts.ManageUserTest" name="verifySearchButtonColor" time="2.738"/>
  <system-out/>
  <testcase classname="com.obsquara.testscripts.ManageUserTest" name="verifySearchUserandPasswrdShownInDetail" time="3.093"/>
  <system-out/>
</testsuite> <!-- com.obsquara.testscripts.ManageUserTest -->
