<?xml version="1.0" encoding="UTF-8"?>
<!-- Generated by org.testng.reporters.JUnitReportReporter -->
<testsuite hostname="DESKTOP-5874SPL" failures="0" tests="4" name="com.obsquara.testscripts.ExpenseCategoryTest" time="24.229" errors="0" timestamp="2023-04-27T00:34:45 IST" skipped="0">
  <testcase classname="com.obsquara.testscripts.ExpenseCategoryTest" name="verifyToAddNewExpenseCategory" time="6.050"/>
  <system-out/>
  <testcase classname="com.obsquara.testscripts.ExpenseCategoryTest" name="verifySearchExpenseCategory" time="6.586"/>
  <system-out/>
  <testcase classname="com.obsquara.testscripts.ExpenseCategoryTest" name="verifyDeleteExpenseCategory" time="4.590"/>
  <system-out/>
  <testcase classname="com.obsquara.testscripts.ExpenseCategoryTest" name="verifyEditExpenseCategory" time="7.003"/>
  <system-out/>
</testsuite> <!-- com.obsquara.testscripts.ExpenseCategoryTest -->
