<?xml version="1.0" encoding="UTF-8"?>
<!-- Generated by org.testng.reporters.JUnitReportReporter -->
<testsuite hostname="DESKTOP-5874SPL" failures="0" tests="3" name="com.obsquara.testscripts.AdminUserTest" time="21.481" errors="0" timestamp="2023-04-27T15:02:07 IST" skipped="0">
  <testcase classname="com.obsquara.testscripts.AdminUserTest" name="verifySearchAdminUser" time="8.020"/>
  <system-out/>
  <testcase classname="com.obsquara.testscripts.AdminUserTest" name="verifyDeleteAdminUser" time="5.915"/>
  <system-out/>
  <testcase classname="com.obsquara.testscripts.AdminUserTest" name="verifyNewAdminUser" time="7.546"/>
  <system-out/>
</testsuite> <!-- com.obsquara.testscripts.AdminUserTest -->
